<?xml version="1.0" encoding="UTF-8"?>
<testsuite name="org.wso2.balana.BaseTestCase" time="3.548" tests="22" errors="0" skipped="0" failures="0">
  <properties>
[...]
</properties>
  <testcase name="testConformanceTestC" classname="org.wso2.balana.conformance.ConformanceTestV2" time="2.182"/>
  <testcase name="testConformanceTestD" classname="org.wso2.balana.conformance.ConformanceTestV2" time="0.22"/>
  <testcase name="testConformanceTestB" classname="org.wso2.balana.conformance.ConformanceTestV2" time="0.29"/>
  <testcase name="testConformanceTestA" classname="org.wso2.balana.conformance.ConformanceTestV2" time="0.1"/>
  <testcase name="testConformanceTestA" classname="org.wso2.balana.conformance.ConformanceTestV3" time="0.254"/>
  <testcase name="testBasicTest0005" classname="org.wso2.balana.basic.BasicTestV3" time="0.024"/>
  <testcase name="testBasicTest0004" classname="org.wso2.balana.basic.BasicTestV3" time="0.017"/>
  <testcase name="testBasicTest0003" classname="org.wso2.balana.basic.BasicTestV3" time="0.011"/>
  <testcase name="testBasicTest0002" classname="org.wso2.balana.basic.BasicTestV3" time="0.02"/>
  <testcase name="testBasicTest0001" classname="org.wso2.balana.basic.BasicTestV3" time="0.03"/>
  <testcase name="testBasicTest0003" classname="org.wso2.balana.basic.TestFunctionV3" time="0.02"/>
  <testcase name="testBasicTest0002" classname="org.wso2.balana.basic.TestFunctionV3" time="0.01"/>
  <testcase name="testBasicTest0001" classname="org.wso2.balana.basic.TestFunctionV3" time="0.01"/>
  <testcase name="testBasicTest0001" classname="org.wso2.balana.basic.TestMultipleRequestV3" time="0.02"/>
  <testcase name="testBasicTest0005" classname="org.wso2.balana.basic.TestXPathV3" time="0.06"/>
  <testcase name="testBasicTest0004" classname="org.wso2.balana.basic.TestXPathV3" time="0.02"/>
  <testcase name="testBasicTest0003" classname="org.wso2.balana.basic.TestXPathV3" time="0.03"/>
  <testcase name="testBasicTest0002" classname="org.wso2.balana.basic.TestXPathV3" time="0.02"/>
  <testcase name="testBasicTest0001" classname="org.wso2.balana.basic.TestXPathV3" time="0.02"/>
  <testcase name="testConformanceTestA" classname="org.wso2.balana.conformance.ConformanceTestV3" time="0.15"/>
  <testcase name="testAdvanceTest0003" classname="org.wso2.balana.advance.AdvanceTestV3" time="0.04"/>
  <testcase name="testAdvanceTest0001" classname="org.wso2.balana.advance.AdvanceTestV3" time="0"/>
</testsuite>